docker.io/swerebenchv2/mitsuhiko-minijinja@sha256:46609754e311da708ed5e7498bf6ba854f63718583234e81690a4c78dca5c76e: Pulling from swerebenchv2/mitsuhiko-minijinja
7bd18c2ac13f: Pulling fs layer
5e305e9b304b: Pulling fs layer
b12497b55571: Pulling fs layer
d87290c3a632: Pulling fs layer
13c21793bb08: Pulling fs layer
5dc51e9981b9: Pulling fs layer
3f084a6caebf: Pulling fs layer
d692d7f1003d: Pulling fs layer
a6da9d3e0f28: Pulling fs layer
817b8f808eb2: Pulling fs layer
a6da9d3e0f28: Download complete
7bd18c2ac13f: Download complete
b12497b55571: Download complete
817b8f808eb2: Download complete
d87290c3a632: Download complete
5e305e9b304b: Download complete
13c21793bb08: Download complete
5e305e9b304b: Pull complete
b12497b55571: Pull complete
3f084a6caebf: Download complete
5dc51e9981b9: Download complete
13c21793bb08: Pull complete
d692d7f1003d: Download complete
5dc51e9981b9: Pull complete
3f084a6caebf: Pull complete
a6da9d3e0f28: Pull complete
d87290c3a632: Pull complete
d692d7f1003d: Pull complete
7bd18c2ac13f: Pull complete
817b8f808eb2: Pull complete
Digest: sha256:46609754e311da708ed5e7498bf6ba854f63718583234e81690a4c78dca5c76e
Status: Downloaded newer image for swerebenchv2/mitsuhiko-minijinja@sha256:46609754e311da708ed5e7498bf6ba854f63718583234e81690a4c78dca5c76e
docker.io/swerebenchv2/mitsuhiko-minijinja@sha256:46609754e311da708ed5e7498bf6ba854f63718583234e81690a4c78dca5c76e
