docker.io/swerebenchv2/go-git-go-git@sha256:ffcc63b3cc514f14d40ed2bb88b2fb480e8571d064de1b148ff4f1fc33a78454: Pulling from swerebenchv2/go-git-go-git
b86d2cd0e74c: Pulling fs layer
80372770b820: Pulling fs layer
2dd76d0edcca: Pulling fs layer
9be97a962c17: Pulling fs layer
48319c20c27d: Pulling fs layer
7bede71f56fb: Pulling fs layer
05944ceae036: Pulling fs layer
daa64113997d: Pulling fs layer
b86d2cd0e74c: Download complete
7bede71f56fb: Download complete
48319c20c27d: Download complete
80372770b820: Download complete
9be97a962c17: Download complete
80372770b820: Pull complete
2dd76d0edcca: Download complete
2dd76d0edcca: Pull complete
daa64113997d: Download complete
05944ceae036: Download complete
9be97a962c17: Pull complete
7bede71f56fb: Pull complete
48319c20c27d: Pull complete
05944ceae036: Pull complete
b86d2cd0e74c: Pull complete
daa64113997d: Pull complete
Digest: sha256:ffcc63b3cc514f14d40ed2bb88b2fb480e8571d064de1b148ff4f1fc33a78454
Status: Downloaded newer image for swerebenchv2/go-git-go-git@sha256:ffcc63b3cc514f14d40ed2bb88b2fb480e8571d064de1b148ff4f1fc33a78454
docker.io/swerebenchv2/go-git-go-git@sha256:ffcc63b3cc514f14d40ed2bb88b2fb480e8571d064de1b148ff4f1fc33a78454
