docker.io/swerebenchv2/google-go-github@sha256:73529c9214029460541b4353d4300b3addcd502f2e2cd8e3dacec1b5afd7f2b4: Pulling from swerebenchv2/google-go-github
a85e65d8aeae: Pulling fs layer
48319c20c27d: Pulling fs layer
8d01d58c1295: Pulling fs layer
55dfa53fd399: Pulling fs layer
80372770b820: Pulling fs layer
2dd76d0edcca: Pulling fs layer
9be97a962c17: Pulling fs layer
7bede71f56fb: Pulling fs layer
48319c20c27d: Download complete
7bede71f56fb: Download complete
a85e65d8aeae: Download complete
9be97a962c17: Download complete
80372770b820: Download complete
80372770b820: Pull complete
2dd76d0edcca: Download complete
55dfa53fd399: Download complete
2dd76d0edcca: Pull complete
8d01d58c1295: Download complete
48319c20c27d: Pull complete
7bede71f56fb: Pull complete
9be97a962c17: Pull complete
8d01d58c1295: Pull complete
a85e65d8aeae: Pull complete
55dfa53fd399: Pull complete
Digest: sha256:73529c9214029460541b4353d4300b3addcd502f2e2cd8e3dacec1b5afd7f2b4
Status: Downloaded newer image for swerebenchv2/google-go-github@sha256:73529c9214029460541b4353d4300b3addcd502f2e2cd8e3dacec1b5afd7f2b4
docker.io/swerebenchv2/google-go-github@sha256:73529c9214029460541b4353d4300b3addcd502f2e2cd8e3dacec1b5afd7f2b4
