docker.io/swerebenchv2/jhipster-jhipster-lite@sha256:7a23ab08cbe11f2183ec9c0561ce3e1282b47842042e281af2845833730c34e3: Pulling from swerebenchv2/jhipster-jhipster-lite
be60e726cee6: Pulling fs layer
6bd815954c4e: Pulling fs layer
bd9ddc54bea9: Pulling fs layer
b004fd0154b3: Pulling fs layer
4bcb312b53e5: Pulling fs layer
7099283d0f21: Pulling fs layer
b64a70206354: Pulling fs layer
f37164ba739f: Pulling fs layer
1d7644aaf5d9: Pulling fs layer
f8b6152d18c9: Pulling fs layer
1e9ee6ae92e3: Pulling fs layer
2584428e14e5: Pulling fs layer
2d254bf8ceb0: Pulling fs layer
4b0586bc2ed7: Pulling fs layer
f13430410514: Pulling fs layer
3a58bdddccf9: Pulling fs layer
f37164ba739f: Download complete
6bd815954c4e: Download complete
4b0586bc2ed7: Download complete
bd9ddc54bea9: Download complete
b004fd0154b3: Download complete
2d254bf8ceb0: Download complete
be60e726cee6: Download complete
3a58bdddccf9: Download complete
1e9ee6ae92e3: Download complete
f13430410514: Download complete
b64a70206354: Download complete
7099283d0f21: Download complete
4bcb312b53e5: Download complete
f8b6152d18c9: Download complete
7099283d0f21: Pull complete
2584428e14e5: Download complete
1e9ee6ae92e3: Pull complete
2d254bf8ceb0: Pull complete
2584428e14e5: Pull complete
4b0586bc2ed7: Pull complete
f13430410514: Pull complete
3a58bdddccf9: Pull complete
6bd815954c4e: Pull complete
bd9ddc54bea9: Pull complete
b004fd0154b3: Pull complete
1d7644aaf5d9: Download complete
4bcb312b53e5: Pull complete
b64a70206354: Pull complete
f37164ba739f: Pull complete
1d7644aaf5d9: Pull complete
be60e726cee6: Pull complete
f8b6152d18c9: Pull complete
Digest: sha256:7a23ab08cbe11f2183ec9c0561ce3e1282b47842042e281af2845833730c34e3
Status: Downloaded newer image for swerebenchv2/jhipster-jhipster-lite@sha256:7a23ab08cbe11f2183ec9c0561ce3e1282b47842042e281af2845833730c34e3
docker.io/swerebenchv2/jhipster-jhipster-lite@sha256:7a23ab08cbe11f2183ec9c0561ce3e1282b47842042e281af2845833730c34e3
